<?xml version="1.0" encoding="UTF-8"?>
<testsuites name="Smoke test suite android" time="41" tests="1" failures="0" errors="0">
   <testsuite name="Smoke test suite android" tests="1" failures="0" errors="0" time="41" timestamp="2018-06-12 13:12:08" hostname="Test - PCWIN81.home" id="Test Suites/Smoke test suite android">
      <properties>
         <property name="deviceName" value=""/>
         <property name="devicePlatform" value=""/>
         <property name="logFolder" value="C:\\Users\\Test\\Katalon Studio\\GUI Tests\\Reports\\Smoke test suite android\\20180612_131205"/>
         <property name="logFiles" value="C:\\Users\\Test\\Katalon Studio\\GUI Tests\\Reports\\Smoke test suite android\\20180612_131205\\execution0.log"/>
         <property name="attachments" value="C:\\Users\\Test\\Katalon Studio\\GUI Tests\\Reports\\Smoke test suite android\\20180612_131205\\1528801955943.png"/>
         <property name="hostName" value="Test - PCWIN81.home"/>
         <property name="os" value="Windows 8.1 64bit"/>
         <property name="katalonVersion" value="5.4.2.1"/>
         <property name="browser" value="Chrome 67.0.3396.81"/>
         <property name="hostAddress" value="192.168.1.61"/>
         <property name="sessionId" value="21d45915-d1c2-4064-9c1b-bf9f49a522c2"/>
         <property name="seleniumVersion" value="3.7.1"/>
         <property name="proxyInformation" value="ProxyInformation{proxyOption=NO_PROXY, proxyServerType=HTTP, password=, proxyServerAddress=, proxyServerPort=0}"/>
         <property name="platform" value="Windows 8.1"/>
      </properties>
      <testcase name="Test Cases/VOD/Functional Test/Smoke Test/Mobile/Android/VOD connection" classname="Test Cases/VOD/Functional Test/Smoke Test/Mobile/Android/VOD connection" status="PASSED">
         <system-out><![CDATA[2018-06-12 13:12:09 - [TEST_CASE][PASSED] - Test Cases/VOD/Functional Test/Smoke Test/Mobile/Android/VOD connection: Test Cases/VOD/Functional Test/Smoke Test/Mobile/Android/VOD connection

2018-06-12 13:12:10 - [TEST_STEP][PASSED] - vodkeyword.vod_identification.idVOD: Wait for page load successfully

2018-06-12 13:12:35 - [MESSAGE][PASSED] - Browser is opened with url: 'https://login-tb1.staging.orange.fr/?return_url=https%3A%2F%2Fovo.qualif1.orange.fr%2F%23vod%2Fhome'

2018-06-12 13:12:37 - [MESSAGE][FAILED] - Unable to maximize current window (Root cause: org.openqa.selenium.WebDriverException: unknown error: operation is unsupported on Android
  (Session info: chrome=67.0.3396.81)
  (Driver info: chromedriver=2.37.544315 (730aa6a5fdba159ac9f4c1e8cbc59bf1b5ce12b7),platform=Windows NT 6.3.9600 x86_64) (WARNING: The server did not provide any stacktrace information)
Command duration or timeout: 0 milliseconds
Build info: version: '3.7.1', revision: '8a0099a', time: '2017-11-06T21:07:36.161Z'
System info: host: 'PCWIN81', ip: '192.168.1.61', os.name: 'Windows 8.1', os.arch: 'amd64', os.version: '6.3', java.version: '1.8.0_102'
Driver info: com.kms.katalon.selenium.driver.CRemoteWebDriver
Capabilities {browserName: chrome, databaseEnabled: false, desired: {browserName: chrome, deviceName: Galaxy S6, platform: ANDROID, platformName: android, server:CONFIG_UUID: 74b10c7c-b7ea-4e48-82c5-a4c..., udid: 041604a8c5231902}, deviceManufacturer: samsung, deviceModel: SM-G920F, deviceName: 041604a8c5231902, deviceScreenSize: 1440x2560, deviceUDID: 041604a8c5231902, javascriptEnabled: true, locationContextEnabled: false, networkConnectionEnabled: true, platform: ANDROID, platformName: ANDROID, platformVersion: 7.0, server:CONFIG_UUID: 74b10c7c-b7ea-4e48-82c5-a4c..., takesScreenshot: true, udid: 041604a8c5231902, warnings: {}, webStorageEnabled: false}
Session ID: 21d45915-d1c2-4064-9c1b-bf9f49a522c2)
[[ATTACHMENT|C:\\Users\\Test\\Katalon Studio\\GUI Tests\\Reports\\Smoke test suite android\\20180612_131205\\1528801955943.png]]

2018-06-12 13:12:37 - [MESSAGE][PASSED] - Object 'Object Repository/VOD Objects/PC/Identification page object/login_input' is present

2018-06-12 13:12:39 - [MESSAGE][PASSED] - Text 'vodpcqualifb@orange.fr' is set on object 'Object Repository/VOD Objects/PC/Identification page object/login_input'

2018-06-12 13:12:39 - [MESSAGE][PASSED] - Object: 'Object Repository/VOD Objects/PC/Identification page object/btn_continuer' is clicked on

2018-06-12 13:12:40 - [MESSAGE][PASSED] - Object 'Object Repository/VOD Objects/PC/Identification page object/saissisez mot de passe input' is present

2018-06-12 13:12:41 - [MESSAGE][PASSED] - Text 'Passwd1' is set on object 'Object Repository/VOD Objects/PC/Identification page object/saissisez mot de passe input'

2018-06-12 13:12:41 - [MESSAGE][PASSED] - Object: 'Object Repository/VOD Objects/PC/Identification page object/btn_continuer' is clicked on

2018-06-12 13:12:41 - [MESSAGE][PASSED] - Authentication of client vodpcqualifb@orange.fr is successful

2018-06-12 13:12:41 - [MESSAGE][PASSED] - Wait for page load successfully

2018-06-12 13:12:41 - [TEST_STEP][PASSED] - Comment - "Aller à mes vidéos": null

2018-06-12 13:12:41 - [TEST_STEP][PASSED] - delay: Delayed 5 second(s)

2018-06-12 13:12:46 - [MESSAGE][PASSED] - Delayed 5 second(s)

2018-06-12 13:12:46 - [TEST_STEP][PASSED] - closeBrowser: Browser is closed

2018-06-12 13:12:49 - [MESSAGE][PASSED] - Browser is closed]]></system-out>
         <system-err><![CDATA[]]></system-err>
      </testcase>
      <system-out><![CDATA[2018-06-12 13:12:08 - [TEST_SUITE][PASSED] - Smoke test suite android: Test Cases/VOD/Functional Test/Smoke Test/Mobile/Android/VOD connection]]></system-out>
      <system-err><![CDATA[]]></system-err>
   </testsuite>
</testsuites>
