<?xml version="1.0" encoding="UTF-8"?>
<testsuites name="Smoke test" time="171" tests="3" failures="0" errors="0">
   <testsuite name="Smoke test" tests="3" failures="0" errors="0" time="171" timestamp="2018-09-24 12:06:31" hostname="Test - 192.168.231.227" id="Test Suites/PC - Win8 - Chrome/Smoke test">
      <properties>
         <property name="deviceName" value=""/>
         <property name="devicePlatform" value=""/>
         <property name="logFolder" value="C:\\Users\\Test\\Katalon Studio\\GUI Tests\\Reports\\PC - Win8 - Chrome\\Smoke test\\20180924_120627"/>
         <property name="logFiles" value="C:\\Users\\Test\\Katalon Studio\\GUI Tests\\Reports\\PC - Win8 - Chrome\\Smoke test\\20180924_120627\\execution0.log"/>
         <property name="attachments" value="C:\\Users\\Test\\Katalon Studio\\GUI Tests\\Reports\\PC - Win8 - Chrome\\Smoke test\\20180924_120627\\1537783637763.png, C:\\Users\\Test\\Katalon Studio\\GUI Tests\\Reports\\PC - Win8 - Chrome\\Smoke test\\20180924_120627\\1537783656131.png, C:\\Users\\Test\\Katalon Studio\\GUI Tests\\Reports\\PC - Win8 - Chrome\\Smoke test\\20180924_120627\\1537783708405.png"/>
         <property name="hostName" value="Test - 192.168.231.227"/>
         <property name="os" value="Windows 8.1 64bit"/>
         <property name="katalonVersion" value="5.7.0.1"/>
         <property name="browser" value="Chrome 69.0.3497.100"/>
         <property name="hostAddress" value="192.168.231.227"/>
         <property name="sessionId" value="9535edc87d5e07832ee0588a3454efc8"/>
         <property name="seleniumVersion" value="3.7.1"/>
         <property name="proxyInformation" value="ProxyInformation{proxyOption=NO_PROXY, proxyServerType=HTTP, password=, proxyServerAddress=, proxyServerPort=0}"/>
         <property name="platform" value="Windows 8.1"/>
      </properties>
      <testcase name="Test Cases/VOD/Functional Test/Smoke Test/PC/09.03.02.02 Texte pour un utilisateur Desktop" classname="Test Cases/VOD/Functional Test/Smoke Test/PC/09.03.02.02 Texte pour un utilisateur Desktop" status="PASSED">
         <system-out><![CDATA[2018-09-24 12:06:33 - [TEST_CASE][PASSED] - Test Cases/VOD/Functional Test/Smoke Test/PC/09.03.02.02 Texte pour un utilisateur Desktop: Test Cases/VOD/Functional Test/Smoke Test/PC/09.03.02.02 Texte pour un utilisateur Desktop

2018-09-24 12:06:34 - [TEST_STEP][PASSED] - Start listener action : sampleBeforeTestCase: Browser is opened with url: ''

2018-09-24 12:06:34 - [TEST_STEP][PASSED] - Statement - (position_of_test_in_test_suite++): null

2018-09-24 12:06:34 - [TEST_STEP][PASSED] - Statement - position = positions[position_of_test_in_test_suite - 1]: null

2018-09-24 12:06:34 - [TEST_STEP][PASSED] - Statement - run_id = CustomKeywords.qc_api_client.ClientApi.testHttpClientCreateTestRun(cycle_id, position): Test run created with ID: 4135

2018-09-24 12:06:34 - [MESSAGE][PASSED] - Test run created with ID: 4135

2018-09-24 12:06:34 - [TEST_STEP][PASSED] - Statement - println(run_id): null

2018-09-24 12:06:34 - [TEST_STEP][PASSED] - Statement - number_of_test_steps = CustomKeywords.qc_api_client.ClientApi.testHttpClientGetAllTestSteps(run_id): qc_api_client.ClientApi.testHttpClientGetAllTestSteps is PASSED

2018-09-24 12:06:42 - [MESSAGE][PASSED] - qc_api_client.ClientApi.testHttpClientGetAllTestSteps is PASSED

2018-09-24 12:06:42 - [TEST_STEP][PASSED] - openBrowser: Browser is opened with url: ''

2018-09-24 12:06:50 - [MESSAGE][PASSED] - Browser is opened with url: ''

2018-09-24 12:06:50 - [TEST_STEP][PASSED] - vodpckeywords.vodpc_connection.connectUser: Object: 'Object Repository/VOD Objects/PC/Home Page/accepter cookie' is clicked on

2018-09-24 12:06:55 - [MESSAGE][PASSED] - Navigate to 'https://login-tb1.staging.orange.fr/?return_url=https%3A%2F%2Fovo.qualif1.orange.fr%2F%23vod%2Fhome' successfully

2018-09-24 12:06:55 - [MESSAGE][PASSED] - Object 'Object Repository/VOD Objects/PC/Identification page object/login_input' is present

2018-09-24 12:06:55 - [MESSAGE][PASSED] - Text 'vodpcqualifb@orange.fr' is set on object 'Object Repository/VOD Objects/PC/Identification page object/login_input'

2018-09-24 12:06:56 - [MESSAGE][PASSED] - Object: 'Object Repository/VOD Objects/PC/Identification page object/btn_continuer' is clicked on

2018-09-24 12:06:57 - [MESSAGE][PASSED] - Object 'Object Repository/VOD Objects/PC/Identification page object/saissisez mot de passe input' is present

2018-09-24 12:06:57 - [MESSAGE][PASSED] - Text 'Passwd1' is set on object 'Object Repository/VOD Objects/PC/Identification page object/saissisez mot de passe input'

2018-09-24 12:06:57 - [MESSAGE][PASSED] - Object: 'Object Repository/VOD Objects/PC/Identification page object/btn_continuer' is clicked on

2018-09-24 12:06:57 - [MESSAGE][PASSED] - Authentication of client vodpcqualifb@orange.fr is successful

2018-09-24 12:06:59 - [MESSAGE][PASSED] - Delayed 2 second(s)

2018-09-24 12:07:16 - [MESSAGE][PASSED] - Current window's url is: 'https://ovo.qualif1.orange.fr/#vod/home'

2018-09-24 12:07:16 - [MESSAGE][PASSED] - Wait for page load successfully

2018-09-24 12:07:16 - [MESSAGE][PASSED] - Object 'Object Repository/VOD Objects/PC/Home Page/accepter cookie' is present and visible in viewport

2018-09-24 12:07:16 - [MESSAGE][PASSED] - Object: 'Object Repository/VOD Objects/PC/Home Page/accepter cookie' is clicked on

2018-09-24 12:07:16 - [TEST_STEP][PASSED] - vodpckeywords.vodpc_MesVideos.gotoMesVideos: Object 'Object Repository/VOD Objects/PC/Home Page/accepter cookie' is present but is not visible in viewport

2018-09-24 12:07:16 - [MESSAGE][PASSED] - Wait for page load successfully

2018-09-24 12:07:16 - [MESSAGE][PASSED] - Object 'Object Repository/VOD Objects/PC/Home Page apres Identification/Menu convergeant (mc)/mc Mes videos' is visible

2018-09-24 12:07:17 - [MESSAGE][PASSED] - Object: 'Object Repository/VOD Objects/PC/Home Page apres Identification/Menu convergeant (mc)/mc Mes videos' is clicked on

2018-09-24 12:07:17 - [MESSAGE][PASSED] - Menu convergeant Mes vidéos accessed

2018-09-24 12:07:18 - [MESSAGE][WARNING] - Object 'Object Repository/VOD Objects/PC/Home Page/accepter cookie' is present but is not visible in viewport
[[ATTACHMENT|C:\\Users\\Test\\Katalon Studio\\GUI Tests\\Reports\\PC - Win8 - Chrome\\Smoke test\\20180924_120627\\1537783637763.png]]

2018-09-24 12:07:18 - [TEST_STEP][PASSED] - verifyMatch: Actual text 'Voir et revoir vos vidéos louées ou achetées' and expected text 'Voir et revoir vos vidéos louées ou achetées' are matched 

2018-09-24 12:07:18 - [MESSAGE][PASSED] - Text of object 'Object Repository/VOD Objects/PC/Menu Convergeant Mes videos/titre banner-marketing' is: 'Voir et revoir vos vidéos louées ou achetées'

2018-09-24 12:07:18 - [MESSAGE][PASSED] - Actual text 'Voir et revoir vos vidéos louées ou achetées' and expected text 'Voir et revoir vos vidéos louées ou achetées' are matched 

2018-09-24 12:07:18 - [TEST_STEP][PASSED] - verifyMatch: Actual text 'Retrouvez et visionnez les vidéos louées ou achetées sur ordinateur, TV, tablette, smartphone et Clé TV.' and expected text 'Retrouvez et visionnez les vidéos louées ou achetées sur ordinateur, TV, tablette, smartphone et Clé TV.' are matched 

2018-09-24 12:07:18 - [MESSAGE][PASSED] - Text of object 'Object Repository/VOD Objects/PC/Menu Convergeant Mes videos/titre1 banner-marketing' is: 'Retrouvez et visionnez les vidéos louées ou achetées sur ordinateur, TV, tablette, smartphone et Clé TV.'

2018-09-24 12:07:18 - [MESSAGE][PASSED] - Actual text 'Retrouvez et visionnez les vidéos louées ou achetées sur ordinateur, TV, tablette, smartphone et Clé TV.' and expected text 'Retrouvez et visionnez les vidéos louées ou achetées sur ordinateur, TV, tablette, smartphone et Clé TV.' are matched 

2018-09-24 12:07:18 - [TEST_STEP][PASSED] - verifyMatch: Actual text 'Téléchargez-les sur le lecteur VOD Orange pour les visionner sans connexion.' and expected text 'Téléchargez-les sur le lecteur VOD Orange pour les visionner sans connexion.' are matched 

2018-09-24 12:07:18 - [MESSAGE][PASSED] - Text of object 'Object Repository/VOD Objects/PC/Menu Convergeant Mes videos/titre2 banner-marketing' is: 'Téléchargez-les sur le lecteur VOD Orange pour les visionner sans connexion.'

2018-09-24 12:07:18 - [MESSAGE][PASSED] - Actual text 'Téléchargez-les sur le lecteur VOD Orange pour les visionner sans connexion.' and expected text 'Téléchargez-les sur le lecteur VOD Orange pour les visionner sans connexion.' are matched 

2018-09-24 12:07:18 - [TEST_STEP][PASSED] - Start listener action : sampleAfterTestCase: Browser is closed

2018-09-24 12:07:18 - [TEST_STEP][PASSED] - Statement - status = testCaseContext.getTestCaseStatus(): null

2018-09-24 12:07:18 - [TEST_STEP][PASSED] - Statement - cycle_id = cycle_id: null

2018-09-24 12:07:18 - [TEST_STEP][PASSED] - Statement - If (status != "PASSED"): null

2018-09-24 12:07:18 - [TEST_STEP][PASSED] - Statement - Else: Step 2 updated with status Passed

2018-09-24 12:07:18 - [TEST_STEP][PASSED] - Statement - For ([i = 1, i <= java.lang.Integer.parseInt(number_of_test_steps), (i++)]): Step 2 updated with status Passed

2018-09-24 12:07:18 - [TEST_STEP][PASSED] - qc_api_client.ClientApi.testHttpClientValidateStep: Step 1 updated with status Passed

2018-09-24 12:07:19 - [MESSAGE][PASSED] - Step 1 updated with status Passed

2018-09-24 12:07:19 - [TEST_STEP][PASSED] - qc_api_client.ClientApi.testHttpClientValidateStep: Step 2 updated with status Passed

2018-09-24 12:07:19 - [MESSAGE][PASSED] - Step 2 updated with status Passed

2018-09-24 12:07:19 - [TEST_STEP][PASSED] - qc_api_client.ClientApi.testHttpClientValidateTest:  Le test a été mis à jour sur QC avec le stauts : PASSED

2018-09-24 12:07:19 - [MESSAGE][PASSED] -  Le test a été mis à jour sur QC avec le stauts : PASSED

2018-09-24 12:07:19 - [TEST_STEP][PASSED] - closeBrowser: Browser is closed

2018-09-24 12:07:20 - [MESSAGE][PASSED] - Browser is closed]]></system-out>
         <system-err><![CDATA[]]></system-err>
      </testcase>
      <testcase name="Test Cases/VOD/Functional Test/Smoke Test/PC/13.01.Structure du player" classname="Test Cases/VOD/Functional Test/Smoke Test/PC/13.01.Structure du player" status="PASSED">
         <system-out><![CDATA[2018-09-24 12:07:20 - [TEST_CASE][PASSED] - Test Cases/VOD/Functional Test/Smoke Test/PC/13.01.Structure du player: Test Cases/VOD/Functional Test/Smoke Test/PC/13.01.Structure du player

2018-09-24 12:07:20 - [TEST_STEP][PASSED] - Start listener action : sampleBeforeTestCase: Browser is opened with url: ''

2018-09-24 12:07:20 - [TEST_STEP][PASSED] - Statement - (position_of_test_in_test_suite++): null

2018-09-24 12:07:20 - [TEST_STEP][PASSED] - Statement - position = positions[position_of_test_in_test_suite - 1]: null

2018-09-24 12:07:20 - [TEST_STEP][PASSED] - Statement - run_id = CustomKeywords.qc_api_client.ClientApi.testHttpClientCreateTestRun(cycle_id, position): Test run created with ID: 4136

2018-09-24 12:07:21 - [MESSAGE][PASSED] - Test run created with ID: 4136

2018-09-24 12:07:21 - [TEST_STEP][PASSED] - Statement - println(run_id): null

2018-09-24 12:07:21 - [TEST_STEP][PASSED] - Statement - number_of_test_steps = CustomKeywords.qc_api_client.ClientApi.testHttpClientGetAllTestSteps(run_id): qc_api_client.ClientApi.testHttpClientGetAllTestSteps is PASSED

2018-09-24 12:07:21 - [MESSAGE][PASSED] - qc_api_client.ClientApi.testHttpClientGetAllTestSteps is PASSED

2018-09-24 12:07:21 - [TEST_STEP][PASSED] - openBrowser: Browser is opened with url: ''

2018-09-24 12:07:24 - [MESSAGE][PASSED] - Browser is opened with url: ''

2018-09-24 12:07:24 - [TEST_STEP][PASSED] - vodpckeywords.vodpc_HTML5_Player.playVODContenu: vodpckeywords.vodpc_HTML5_Player.playVODContenu is PASSED

2018-09-24 12:07:35 - [MESSAGE][PASSED] - Navigate to 'https://ovo.qualif1.orange.fr/#vod/movieDescription/ANGRYBIRDSXW0103160' successfully

2018-09-24 12:07:35 - [MESSAGE][PASSED] - Wait for page load successfully

2018-09-24 12:07:35 - [MESSAGE][PASSED] - Object 'Object Repository/VOD Objects/PC/Home Page/accepter cookie' is present and visible in viewport

2018-09-24 12:07:36 - [MESSAGE][PASSED] - Object: 'Object Repository/VOD Objects/PC/Home Page/accepter cookie' is clicked on

2018-09-24 12:07:36 - [MESSAGE][WARNING] - Object 'Object Repository/VOD Objects/PC/Video Player/zone de flux video/button regarder' is NOT visible
[[ATTACHMENT|C:\\Users\\Test\\Katalon Studio\\GUI Tests\\Reports\\PC - Win8 - Chrome\\Smoke test\\20180924_120627\\1537783656131.png]]

2018-09-24 12:07:36 - [MESSAGE][PASSED] - Object 'Object Repository/VOD Objects/PC/Video Player/zone de flux video/play triangle' is visible

2018-09-24 12:07:36 - [MESSAGE][PASSED] - Object: 'Object Repository/VOD Objects/PC/Video Player/zone de flux video/play triangle' is clicked on

2018-09-24 12:07:36 - [MESSAGE][PASSED] - vodpckeywords.vodpc_HTML5_Player.playVODContenu is PASSED

2018-09-24 12:07:36 - [TEST_STEP][PASSED] - vodpckeywords.vodpc_HTML5_Player.playerIB_opened: Player IB ouvert et vidéo en lecture

2018-09-24 12:07:51 - [MESSAGE][PASSED] - Delayed 15 second(s)

2018-09-24 12:07:51 - [MESSAGE][PASSED] - Execute JavaScript 'return arguments[0].currentTime;' successfully

2018-09-24 12:07:51 - [MESSAGE][PASSED] - Player IB ouvert et vidéo en lecture

2018-09-24 12:07:51 - [TEST_STEP][PASSED] - vodpckeywords.vodpc_HTML5_Player.PlayerVOD_Structure: barre de contrôle présent

2018-09-24 12:07:52 - [MESSAGE][PASSED] - Execute JavaScript 'var evObj = document.createEvent('MouseEvents');evObj.initMouseEvent("mouseover",true, false, window, 0, 0, 0, 0, 0, false, false, false, false, 0, null);arguments[0].dispatchEvent(evObj);' successfully

2018-09-24 12:07:52 - [MESSAGE][PASSED] - Object 'Object Repository/VOD Objects/PC/Video Player/Barre menu player/barre menu' is present and visible in viewport

2018-09-24 12:07:52 - [MESSAGE][PASSED] - barre de menu présent

2018-09-24 12:07:52 - [MESSAGE][PASSED] - Object 'Object Repository/VOD Objects/PC/Video Player/zone de flux video/player' is present and visible in viewport

2018-09-24 12:07:52 - [MESSAGE][PASSED] - flux vidéo présent

2018-09-24 12:07:52 - [MESSAGE][PASSED] - Object 'Object Repository/VOD Objects/PC/Video Player/Zone Info Prog/zone info programme' is present and visible in viewport

2018-09-24 12:07:52 - [MESSAGE][PASSED] - zone info programme présent

2018-09-24 12:07:53 - [MESSAGE][PASSED] - Object 'Object Repository/VOD Objects/PC/Video Player/Barre de control player/barre de control' is present and visible in viewport

2018-09-24 12:07:53 - [MESSAGE][PASSED] - barre de contrôle présent

2018-09-24 12:07:53 - [TEST_STEP][PASSED] - delay: Delayed 5 second(s)

2018-09-24 12:07:58 - [MESSAGE][PASSED] - Delayed 5 second(s)

2018-09-24 12:07:58 - [TEST_STEP][PASSED] - Start listener action : sampleAfterTestCase: Browser is closed

2018-09-24 12:07:58 - [TEST_STEP][PASSED] - Statement - status = testCaseContext.getTestCaseStatus(): null

2018-09-24 12:07:58 - [TEST_STEP][PASSED] - Statement - cycle_id = cycle_id: null

2018-09-24 12:07:58 - [TEST_STEP][PASSED] - Statement - If (status != "PASSED"): null

2018-09-24 12:07:58 - [TEST_STEP][PASSED] - Statement - Else: Step 1 updated with status Passed

2018-09-24 12:07:58 - [TEST_STEP][PASSED] - Statement - For ([i = 1, i <= java.lang.Integer.parseInt(number_of_test_steps), (i++)]): Step 1 updated with status Passed

2018-09-24 12:07:58 - [TEST_STEP][PASSED] - qc_api_client.ClientApi.testHttpClientValidateStep: Step 1 updated with status Passed

2018-09-24 12:07:58 - [MESSAGE][PASSED] - Step 1 updated with status Passed

2018-09-24 12:07:58 - [TEST_STEP][PASSED] - qc_api_client.ClientApi.testHttpClientValidateTest:  Le test a été mis à jour sur QC avec le stauts : PASSED

2018-09-24 12:07:59 - [MESSAGE][PASSED] -  Le test a été mis à jour sur QC avec le stauts : PASSED

2018-09-24 12:07:59 - [TEST_STEP][PASSED] - closeBrowser: Browser is closed

2018-09-24 12:07:59 - [MESSAGE][PASSED] - Browser is closed]]></system-out>
         <system-err><![CDATA[]]></system-err>
      </testcase>
      <testcase name="Test Cases/VOD/Functional Test/Smoke Test/PC/13.06.06 Avance et retour rapides" classname="Test Cases/VOD/Functional Test/Smoke Test/PC/13.06.06 Avance et retour rapides" status="PASSED">
         <system-out><![CDATA[2018-09-24 12:07:59 - [TEST_CASE][PASSED] - Test Cases/VOD/Functional Test/Smoke Test/PC/13.06.06 Avance et retour rapides: Test Cases/VOD/Functional Test/Smoke Test/PC/13.06.06 Avance et retour rapides

2018-09-24 12:07:59 - [TEST_STEP][PASSED] - Start listener action : sampleBeforeTestCase: Browser is opened with url: ''

2018-09-24 12:07:59 - [TEST_STEP][PASSED] - Statement - (position_of_test_in_test_suite++): null

2018-09-24 12:07:59 - [TEST_STEP][PASSED] - Statement - position = positions[position_of_test_in_test_suite - 1]: null

2018-09-24 12:07:59 - [TEST_STEP][PASSED] - Statement - run_id = CustomKeywords.qc_api_client.ClientApi.testHttpClientCreateTestRun(cycle_id, position): Test run created with ID: 4137

2018-09-24 12:08:00 - [MESSAGE][PASSED] - Test run created with ID: 4137

2018-09-24 12:08:00 - [TEST_STEP][PASSED] - Statement - println(run_id): null

2018-09-24 12:08:00 - [TEST_STEP][PASSED] - Statement - number_of_test_steps = CustomKeywords.qc_api_client.ClientApi.testHttpClientGetAllTestSteps(run_id): qc_api_client.ClientApi.testHttpClientGetAllTestSteps is PASSED

2018-09-24 12:08:00 - [MESSAGE][PASSED] - qc_api_client.ClientApi.testHttpClientGetAllTestSteps is PASSED

2018-09-24 12:08:00 - [TEST_STEP][PASSED] - openBrowser: Browser is opened with url: ''

2018-09-24 12:08:02 - [MESSAGE][PASSED] - Browser is opened with url: ''

2018-09-24 12:08:03 - [TEST_STEP][PASSED] - vodpckeywords.vodpc_connection.connectUser: Object: 'Object Repository/VOD Objects/PC/Home Page/accepter cookie' is clicked on

2018-09-24 12:08:06 - [MESSAGE][PASSED] - Navigate to 'https://login-tb1.staging.orange.fr/?return_url=https%3A%2F%2Fovo.qualif1.orange.fr%2F%23vod%2Fhome' successfully

2018-09-24 12:08:06 - [MESSAGE][PASSED] - Object 'Object Repository/VOD Objects/PC/Identification page object/login_input' is present

2018-09-24 12:08:07 - [MESSAGE][PASSED] - Text 'vodpcqualifb@orange.fr' is set on object 'Object Repository/VOD Objects/PC/Identification page object/login_input'

2018-09-24 12:08:07 - [MESSAGE][PASSED] - Object: 'Object Repository/VOD Objects/PC/Identification page object/btn_continuer' is clicked on

2018-09-24 12:08:08 - [MESSAGE][PASSED] - Object 'Object Repository/VOD Objects/PC/Identification page object/saissisez mot de passe input' is present

2018-09-24 12:08:08 - [MESSAGE][PASSED] - Text 'Passwd1' is set on object 'Object Repository/VOD Objects/PC/Identification page object/saissisez mot de passe input'

2018-09-24 12:08:08 - [MESSAGE][PASSED] - Object: 'Object Repository/VOD Objects/PC/Identification page object/btn_continuer' is clicked on

2018-09-24 12:08:08 - [MESSAGE][PASSED] - Authentication of client vodpcqualifb@orange.fr is successful

2018-09-24 12:08:10 - [MESSAGE][PASSED] - Delayed 2 second(s)

2018-09-24 12:08:26 - [MESSAGE][PASSED] - Current window's url is: 'https://ovo.qualif1.orange.fr/#vod/home'

2018-09-24 12:08:26 - [MESSAGE][PASSED] - Wait for page load successfully

2018-09-24 12:08:26 - [MESSAGE][PASSED] - Object 'Object Repository/VOD Objects/PC/Home Page/accepter cookie' is present and visible in viewport

2018-09-24 12:08:27 - [MESSAGE][PASSED] - Object: 'Object Repository/VOD Objects/PC/Home Page/accepter cookie' is clicked on

2018-09-24 12:08:27 - [TEST_STEP][PASSED] - vodpckeywords.vodpc_HTML5_Player.playVODContenu: vodpckeywords.vodpc_HTML5_Player.playVODContenu is PASSED

2018-09-24 12:08:27 - [MESSAGE][PASSED] - Navigate to 'https://ovo.qualif1.orange.fr/#vod/movieDescription/ANGRYBIRDSXW0103160' successfully

2018-09-24 12:08:27 - [MESSAGE][PASSED] - Wait for page load successfully

2018-09-24 12:08:28 - [MESSAGE][WARNING] - Object 'Object Repository/VOD Objects/PC/Home Page/accepter cookie' is present but is not visible in viewport
[[ATTACHMENT|C:\\Users\\Test\\Katalon Studio\\GUI Tests\\Reports\\PC - Win8 - Chrome\\Smoke test\\20180924_120627\\1537783708405.png]]

2018-09-24 12:08:28 - [MESSAGE][PASSED] - Object 'Object Repository/VOD Objects/PC/Video Player/zone de flux video/button regarder' is visible

2018-09-24 12:08:28 - [MESSAGE][PASSED] - Object: 'Object Repository/VOD Objects/PC/Video Player/zone de flux video/button regarder' is clicked on

2018-09-24 12:08:33 - [MESSAGE][PASSED] - Delayed 5 second(s)

2018-09-24 12:08:33 - [MESSAGE][PASSED] - vodpckeywords.vodpc_HTML5_Player.playVODContenu is PASSED

2018-09-24 12:08:33 - [TEST_STEP][PASSED] - vodpckeywords.vodpc_HTML5_Player.playerIB_opened: Player IB ouvert et vidéo en lecture

2018-09-24 12:08:48 - [MESSAGE][PASSED] - Delayed 15 second(s)

2018-09-24 12:08:48 - [MESSAGE][PASSED] - Execute JavaScript 'return arguments[0].currentTime;' successfully

2018-09-24 12:08:48 - [MESSAGE][PASSED] - Player IB ouvert et vidéo en lecture

2018-09-24 12:08:48 - [TEST_STEP][PASSED] - vodpckeywords.vodpc_HTML5_Player.avance_et_retour_rapides: Delayed 1 second(s)

2018-09-24 12:08:48 - [MESSAGE][PASSED] - Execute JavaScript 'var evObj = document.createEvent('MouseEvents');evObj.initMouseEvent("mouseover",true, false, window, 0, 0, 0, 0, 0, false, false, false, false, 0, null);arguments[0].dispatchEvent(evObj);' successfully

2018-09-24 12:08:49 - [MESSAGE][PASSED] - Object: 'Object Repository/VOD Objects/PC/Video Player/Barre de control player/avance rapide' is clicked on

2018-09-24 12:08:49 - [MESSAGE][PASSED] - Text of object 'Object Repository/VOD Objects/PC/Video Player/zone de flux video/feedback avance et retour rapide' is: 'X 4'

2018-09-24 12:08:49 - [MESSAGE][PASSED] - Text of object 'Object Repository/VOD Objects/PC/Video Player/zone de flux video/feedback avance et retour rapide texte' is: 'Avance rapide'

2018-09-24 12:08:49 - [MESSAGE][PASSED] - prémière vitesse accélerée en avant : X 4

2018-09-24 12:08:50 - [MESSAGE][PASSED] - Delayed 1 second(s)

2018-09-24 12:08:50 - [TEST_STEP][PASSED] - vodpckeywords.vodpc_HTML5_Player.avance_et_retour_rapides: Delayed 1 second(s)

2018-09-24 12:08:50 - [MESSAGE][PASSED] - Execute JavaScript 'var evObj = document.createEvent('MouseEvents');evObj.initMouseEvent("mouseover",true, false, window, 0, 0, 0, 0, 0, false, false, false, false, 0, null);arguments[0].dispatchEvent(evObj);' successfully

2018-09-24 12:08:50 - [MESSAGE][PASSED] - Object: 'Object Repository/VOD Objects/PC/Video Player/Barre de control player/avance rapide' is clicked on

2018-09-24 12:08:50 - [MESSAGE][PASSED] - Text of object 'Object Repository/VOD Objects/PC/Video Player/zone de flux video/feedback avance et retour rapide' is: 'X 8'

2018-09-24 12:08:50 - [MESSAGE][PASSED] - Text of object 'Object Repository/VOD Objects/PC/Video Player/zone de flux video/feedback avance et retour rapide texte' is: 'Avance rapide'

2018-09-24 12:08:50 - [MESSAGE][PASSED] - vitesse supérieure accélerée en avant : X 8

2018-09-24 12:08:51 - [MESSAGE][PASSED] - Delayed 1 second(s)

2018-09-24 12:08:51 - [TEST_STEP][PASSED] - vodpckeywords.vodpc_HTML5_Player.avance_et_retour_rapides: Delayed 1 second(s)

2018-09-24 12:08:51 - [MESSAGE][PASSED] - Execute JavaScript 'var evObj = document.createEvent('MouseEvents');evObj.initMouseEvent("mouseover",true, false, window, 0, 0, 0, 0, 0, false, false, false, false, 0, null);arguments[0].dispatchEvent(evObj);' successfully

2018-09-24 12:08:51 - [MESSAGE][PASSED] - Object: 'Object Repository/VOD Objects/PC/Video Player/Barre de control player/avance rapide' is clicked on

2018-09-24 12:08:51 - [MESSAGE][PASSED] - Text of object 'Object Repository/VOD Objects/PC/Video Player/zone de flux video/feedback avance et retour rapide' is: 'X 4'

2018-09-24 12:08:51 - [MESSAGE][PASSED] - Text of object 'Object Repository/VOD Objects/PC/Video Player/zone de flux video/feedback avance et retour rapide texte' is: 'Avance rapide'

2018-09-24 12:08:51 - [MESSAGE][PASSED] - prémière vitesse accélerée en avant : X 4

2018-09-24 12:08:52 - [MESSAGE][PASSED] - Delayed 1 second(s)

2018-09-24 12:08:53 - [MESSAGE][PASSED] - Delayed 1 second(s)

2018-09-24 12:08:53 - [TEST_STEP][PASSED] - vodpckeywords.vodpc_HTML5_Player.avance_et_retour_rapides: Delayed 1 second(s)

2018-09-24 12:08:53 - [MESSAGE][PASSED] - Execute JavaScript 'var evObj = document.createEvent('MouseEvents');evObj.initMouseEvent("mouseover",true, false, window, 0, 0, 0, 0, 0, false, false, false, false, 0, null);arguments[0].dispatchEvent(evObj);' successfully

2018-09-24 12:08:53 - [MESSAGE][PASSED] - Object: 'Object Repository/VOD Objects/PC/Video Player/Barre de control player/retour rapide' is clicked on

2018-09-24 12:08:53 - [MESSAGE][PASSED] - Text of object 'Object Repository/VOD Objects/PC/Video Player/zone de flux video/feedback avance et retour rapide' is: 'X 4'

2018-09-24 12:08:53 - [MESSAGE][PASSED] - Text of object 'Object Repository/VOD Objects/PC/Video Player/zone de flux video/feedback avance et retour rapide texte' is: 'Retour rapide'

2018-09-24 12:08:53 - [MESSAGE][PASSED] - prémière vitesse accélerée en arrière : X 4

2018-09-24 12:08:54 - [MESSAGE][PASSED] - Delayed 1 second(s)

2018-09-24 12:08:54 - [TEST_STEP][PASSED] - vodpckeywords.vodpc_HTML5_Player.avance_et_retour_rapides: Delayed 5 second(s)

2018-09-24 12:08:58 - [MESSAGE][PASSED] - Delayed 4 second(s)

2018-09-24 12:08:58 - [MESSAGE][PASSED] - Execute JavaScript 'var evObj = document.createEvent('MouseEvents');evObj.initMouseEvent("mouseover",true, false, window, 0, 0, 0, 0, 0, false, false, false, false, 0, null);arguments[0].dispatchEvent(evObj);' successfully

2018-09-24 12:08:58 - [MESSAGE][PASSED] - Object: 'Object Repository/VOD Objects/PC/Video Player/Barre de control player/play or pause button' is clicked on

2018-09-24 12:08:59 - [MESSAGE][PASSED] - Object 'Object Repository/VOD Objects/PC/Video Player/zone de flux video/feedback play' is visible

2018-09-24 12:08:59 - [MESSAGE][PASSED] - lecture en marche avant à vitesse normale et affichage de feedback play

2018-09-24 12:09:04 - [MESSAGE][PASSED] - Delayed 5 second(s)

2018-09-24 12:09:04 - [TEST_STEP][PASSED] - vodpckeywords.vodpc_HTML5_Player.avance_et_retour_rapides: Delayed 1 second(s)

2018-09-24 12:09:04 - [MESSAGE][PASSED] - Execute JavaScript 'var evObj = document.createEvent('MouseEvents');evObj.initMouseEvent("mouseover",true, false, window, 0, 0, 0, 0, 0, false, false, false, false, 0, null);arguments[0].dispatchEvent(evObj);' successfully

2018-09-24 12:09:04 - [MESSAGE][PASSED] - Object: 'Object Repository/VOD Objects/PC/Video Player/Barre de control player/retour rapide' is clicked on

2018-09-24 12:09:04 - [MESSAGE][PASSED] - Text of object 'Object Repository/VOD Objects/PC/Video Player/zone de flux video/feedback avance et retour rapide' is: 'X 4'

2018-09-24 12:09:04 - [MESSAGE][PASSED] - Text of object 'Object Repository/VOD Objects/PC/Video Player/zone de flux video/feedback avance et retour rapide texte' is: 'Retour rapide'

2018-09-24 12:09:04 - [MESSAGE][PASSED] - prémière vitesse accélerée en arrière : X 4

2018-09-24 12:09:05 - [MESSAGE][PASSED] - Delayed 1 second(s)

2018-09-24 12:09:05 - [TEST_STEP][PASSED] - vodpckeywords.vodpc_HTML5_Player.avance_et_retour_rapides: Delayed 1 second(s)

2018-09-24 12:09:05 - [MESSAGE][PASSED] - Execute JavaScript 'var evObj = document.createEvent('MouseEvents');evObj.initMouseEvent("mouseover",true, false, window, 0, 0, 0, 0, 0, false, false, false, false, 0, null);arguments[0].dispatchEvent(evObj);' successfully

2018-09-24 12:09:05 - [MESSAGE][PASSED] - Object: 'Object Repository/VOD Objects/PC/Video Player/Barre de control player/retour rapide' is clicked on

2018-09-24 12:09:05 - [MESSAGE][PASSED] - Text of object 'Object Repository/VOD Objects/PC/Video Player/zone de flux video/feedback avance et retour rapide' is: 'X 8'

2018-09-24 12:09:05 - [MESSAGE][PASSED] - Text of object 'Object Repository/VOD Objects/PC/Video Player/zone de flux video/feedback avance et retour rapide texte' is: 'Retour rapide'

2018-09-24 12:09:05 - [MESSAGE][PASSED] - vitesse supérieure accélerée en arrière : X 8

2018-09-24 12:09:06 - [MESSAGE][PASSED] - Delayed 1 second(s)

2018-09-24 12:09:06 - [TEST_STEP][PASSED] - vodpckeywords.vodpc_HTML5_Player.avance_et_retour_rapides: Delayed 1 second(s)

2018-09-24 12:09:06 - [MESSAGE][PASSED] - Execute JavaScript 'var evObj = document.createEvent('MouseEvents');evObj.initMouseEvent("mouseover",true, false, window, 0, 0, 0, 0, 0, false, false, false, false, 0, null);arguments[0].dispatchEvent(evObj);' successfully

2018-09-24 12:09:06 - [MESSAGE][PASSED] - Object: 'Object Repository/VOD Objects/PC/Video Player/Barre de control player/avance rapide' is clicked on

2018-09-24 12:09:06 - [MESSAGE][PASSED] - Execute JavaScript 'var evObj = document.createEvent('MouseEvents');evObj.initMouseEvent("mouseover",true, false, window, 0, 0, 0, 0, 0, false, false, false, false, 0, null);arguments[0].dispatchEvent(evObj);' successfully

2018-09-24 12:09:06 - [MESSAGE][PASSED] - Object: 'Object Repository/VOD Objects/PC/Video Player/Barre de control player/avance rapide' is clicked on

2018-09-24 12:09:06 - [MESSAGE][PASSED] - Execute JavaScript 'var evObj = document.createEvent('MouseEvents');evObj.initMouseEvent("mouseover",true, false, window, 0, 0, 0, 0, 0, false, false, false, false, 0, null);arguments[0].dispatchEvent(evObj);' successfully

2018-09-24 12:09:06 - [MESSAGE][PASSED] - Object: 'Object Repository/VOD Objects/PC/Video Player/Barre de control player/retour rapide' is clicked on

2018-09-24 12:09:06 - [MESSAGE][PASSED] - Text of object 'Object Repository/VOD Objects/PC/Video Player/zone de flux video/feedback avance et retour rapide' is: 'X 4'

2018-09-24 12:09:06 - [MESSAGE][PASSED] - Text of object 'Object Repository/VOD Objects/PC/Video Player/zone de flux video/feedback avance et retour rapide texte' is: 'Retour rapide'

2018-09-24 12:09:06 - [MESSAGE][PASSED] - prémière vitesse accélerée en arrière : X 4

2018-09-24 12:09:07 - [MESSAGE][PASSED] - Delayed 1 second(s)

2018-09-24 12:09:08 - [MESSAGE][PASSED] - Delayed 1 second(s)

2018-09-24 12:09:08 - [TEST_STEP][PASSED] - vodpckeywords.vodpc_HTML5_Player.avance_et_retour_rapides: Delayed 1 second(s)

2018-09-24 12:09:08 - [MESSAGE][PASSED] - Execute JavaScript 'var evObj = document.createEvent('MouseEvents');evObj.initMouseEvent("mouseover",true, false, window, 0, 0, 0, 0, 0, false, false, false, false, 0, null);arguments[0].dispatchEvent(evObj);' successfully

2018-09-24 12:09:08 - [MESSAGE][PASSED] - Object: 'Object Repository/VOD Objects/PC/Video Player/Barre de control player/retour rapide' is clicked on

2018-09-24 12:09:08 - [MESSAGE][PASSED] - Execute JavaScript 'var evObj = document.createEvent('MouseEvents');evObj.initMouseEvent("mouseover",true, false, window, 0, 0, 0, 0, 0, false, false, false, false, 0, null);arguments[0].dispatchEvent(evObj);' successfully

2018-09-24 12:09:08 - [MESSAGE][PASSED] - Object: 'Object Repository/VOD Objects/PC/Video Player/Barre de control player/retour rapide' is clicked on

2018-09-24 12:09:08 - [MESSAGE][PASSED] - Text of object 'Object Repository/VOD Objects/PC/Video Player/zone de flux video/feedback avance et retour rapide' is: 'X 4'

2018-09-24 12:09:08 - [MESSAGE][PASSED] - Text of object 'Object Repository/VOD Objects/PC/Video Player/zone de flux video/feedback avance et retour rapide texte' is: 'Retour rapide'

2018-09-24 12:09:08 - [MESSAGE][PASSED] - prémière vitesse accélerée en arrière : X 4

2018-09-24 12:09:09 - [MESSAGE][PASSED] - Delayed 1 second(s)

2018-09-24 12:09:10 - [MESSAGE][PASSED] - Delayed 1 second(s)

2018-09-24 12:09:10 - [TEST_STEP][PASSED] - vodpckeywords.vodpc_HTML5_Player.avance_et_retour_rapides: Delayed 5 second(s)

2018-09-24 12:09:14 - [MESSAGE][PASSED] - Delayed 4 second(s)

2018-09-24 12:09:15 - [MESSAGE][PASSED] - Execute JavaScript 'var evObj = document.createEvent('MouseEvents');evObj.initMouseEvent("mouseover",true, false, window, 0, 0, 0, 0, 0, false, false, false, false, 0, null);arguments[0].dispatchEvent(evObj);' successfully

2018-09-24 12:09:15 - [MESSAGE][PASSED] - Object: 'Object Repository/VOD Objects/PC/Video Player/Barre de control player/play or pause button' is clicked on

2018-09-24 12:09:15 - [MESSAGE][PASSED] - Object 'Object Repository/VOD Objects/PC/Video Player/zone de flux video/feedback play' is visible

2018-09-24 12:09:15 - [MESSAGE][PASSED] - lecture en marche avant à vitesse normale et affichage de feedback play

2018-09-24 12:09:20 - [MESSAGE][PASSED] - Delayed 5 second(s)

2018-09-24 12:09:20 - [TEST_STEP][PASSED] - Start listener action : sampleAfterTestCase: Browser is closed

2018-09-24 12:09:20 - [TEST_STEP][PASSED] - Statement - status = testCaseContext.getTestCaseStatus(): null

2018-09-24 12:09:20 - [TEST_STEP][PASSED] - Statement - cycle_id = cycle_id: null

2018-09-24 12:09:20 - [TEST_STEP][PASSED] - Statement - If (status != "PASSED"): null

2018-09-24 12:09:20 - [TEST_STEP][PASSED] - Statement - Else: Step 2 updated with status Passed

2018-09-24 12:09:20 - [TEST_STEP][PASSED] - Statement - For ([i = 1, i <= java.lang.Integer.parseInt(number_of_test_steps), (i++)]): Step 2 updated with status Passed

2018-09-24 12:09:20 - [TEST_STEP][PASSED] - qc_api_client.ClientApi.testHttpClientValidateStep: Step 1 updated with status Passed

2018-09-24 12:09:20 - [MESSAGE][PASSED] - Step 1 updated with status Passed

2018-09-24 12:09:20 - [TEST_STEP][PASSED] - qc_api_client.ClientApi.testHttpClientValidateStep: Step 2 updated with status Passed

2018-09-24 12:09:21 - [MESSAGE][PASSED] - Step 2 updated with status Passed

2018-09-24 12:09:21 - [TEST_STEP][PASSED] - qc_api_client.ClientApi.testHttpClientValidateTest:  Le test a été mis à jour sur QC avec le stauts : PASSED

2018-09-24 12:09:21 - [MESSAGE][PASSED] -  Le test a été mis à jour sur QC avec le stauts : PASSED

2018-09-24 12:09:21 - [TEST_STEP][PASSED] - closeBrowser: Browser is closed

2018-09-24 12:09:22 - [MESSAGE][PASSED] - Browser is closed]]></system-out>
         <system-err><![CDATA[]]></system-err>
      </testcase>
      <system-out><![CDATA[2018-09-24 12:06:31 - [TEST_SUITE][PASSED] - Smoke test: Test Cases/VOD/Functional Test/Smoke Test/PC/13.06.06 Avance et retour rapides]]></system-out>
      <system-err><![CDATA[]]></system-err>
   </testsuite>
</testsuites>
