<?xml version="1.0" encoding="UTF-8"?>
<testsuites name="Smoke test" time="29" tests="1" failures="0" errors="0">
   <testsuite name="Smoke test" tests="1" failures="0" errors="0" time="29" timestamp="2018-09-20 18:06:20" hostname="Test - 192.168.231.227" id="Test Suites/PC - Win8 - Chrome/Smoke test">
      <properties>
         <property name="deviceName" value=""/>
         <property name="devicePlatform" value=""/>
         <property name="logFolder" value="C:\\Users\\Test\\Katalon Studio\\GUI Tests\\Reports\\PC - Win8 - Chrome\\Smoke test\\20180920_180618"/>
         <property name="logFiles" value="C:\\Users\\Test\\Katalon Studio\\GUI Tests\\Reports\\PC - Win8 - Chrome\\Smoke test\\20180920_180618\\execution0.log"/>
         <property name="attachments" value=""/>
         <property name="hostName" value="Test - 192.168.231.227"/>
         <property name="os" value="Windows 8.1 64bit"/>
         <property name="katalonVersion" value="5.7.0.1"/>
         <property name="browser" value="Chrome 69.0.3497.100"/>
         <property name="hostAddress" value="192.168.231.227"/>
         <property name="sessionId" value="1274c6415d06f9dc98fd07f2f0e60290"/>
         <property name="seleniumVersion" value="3.7.1"/>
         <property name="proxyInformation" value="ProxyInformation{proxyOption=NO_PROXY, proxyServerType=HTTP, password=, proxyServerAddress=, proxyServerPort=0}"/>
         <property name="platform" value="Windows 8.1"/>
      </properties>
      <testcase name="Test Cases/Test integration avec qc/testplan 1" classname="Test Cases/Test integration avec qc/testplan 1" status="PASSED">
         <system-out><![CDATA[2018-09-20 18:06:22 - [TEST_CASE][PASSED] - Test Cases/Test integration avec qc/testplan 1: Test Cases/Test integration avec qc/testplan 1

2018-09-20 18:06:22 - [TEST_STEP][PASSED] - Start listener action : sampleBeforeTestCase: qc_api_client.ClientApi.testHttpClientGetAllTestSteps is PASSED

2018-09-20 18:06:22 - [TEST_STEP][PASSED] - Statement - (position_of_test_in_test_suite++): null

2018-09-20 18:06:22 - [TEST_STEP][PASSED] - Statement - position = positions[position_of_test_in_test_suite - 1]: null

2018-09-20 18:06:22 - [TEST_STEP][PASSED] - Statement - run_id = CustomKeywords.qc_api_client.ClientApi.testHttpClientCreateTestRun(cycle_id, position): Test run created with ID: 4104

2018-09-20 18:06:22 - [MESSAGE][PASSED] - Test run created with ID: 4104

2018-09-20 18:06:22 - [TEST_STEP][PASSED] - Statement - println(run_id): null

2018-09-20 18:06:22 - [TEST_STEP][PASSED] - qc_api_client.ClientApi.testHttpClientGetAllTestSteps: qc_api_client.ClientApi.testHttpClientGetAllTestSteps is PASSED

2018-09-20 18:06:22 - [MESSAGE][PASSED] - qc_api_client.ClientApi.testHttpClientGetAllTestSteps is PASSED

2018-09-20 18:06:22 - [TEST_STEP][PASSED] - openBrowser: Browser is opened with url: ''

2018-09-20 18:06:33 - [MESSAGE][PASSED] - Browser is opened with url: ''

2018-09-20 18:06:33 - [TEST_STEP][PASSED] - navigateToUrl: Navigate to 'http://www.google.com' successfully

2018-09-20 18:06:39 - [MESSAGE][PASSED] - Navigate to 'http://www.google.com' successfully

2018-09-20 18:06:39 - [TEST_STEP][PASSED] - delay: Delayed 5 second(s)

2018-09-20 18:06:44 - [MESSAGE][PASSED] - Delayed 5 second(s)

2018-09-20 18:06:44 - [TEST_STEP][PASSED] - Start listener action : sampleAfterTestCase: Browser is closed

2018-09-20 18:06:44 - [TEST_STEP][PASSED] - Statement - status = testCaseContext.getTestCaseStatus(): null

2018-09-20 18:06:44 - [TEST_STEP][PASSED] - Statement - cycle_id = cycle_id: null

2018-09-20 18:06:44 - [TEST_STEP][PASSED] - Statement - If (status != "PASSED"): null

2018-09-20 18:06:44 - [TEST_STEP][PASSED] - qc_api_client.ClientApi.testHttpClientValidateStep: Step 1 updated with status Passed

2018-09-20 18:06:48 - [MESSAGE][PASSED] - Step 1 updated with status Passed

2018-09-20 18:06:48 - [TEST_STEP][PASSED] - qc_api_client.ClientApi.testHttpClientValidateTest:  Le test a été mis à jour sur QC avec le stauts : PASSED

2018-09-20 18:06:49 - [MESSAGE][PASSED] -  Le test a été mis à jour sur QC avec le stauts : PASSED

2018-09-20 18:06:49 - [TEST_STEP][PASSED] - closeBrowser: Browser is closed

2018-09-20 18:06:50 - [MESSAGE][PASSED] - Browser is closed]]></system-out>
         <system-err><![CDATA[]]></system-err>
      </testcase>
      <system-out><![CDATA[2018-09-20 18:06:20 - [TEST_SUITE][PASSED] - Smoke test: Test Cases/Test integration avec qc/testplan 1]]></system-out>
      <system-err><![CDATA[]]></system-err>
   </testsuite>
</testsuites>
