<?xml version="1.0" encoding="UTF-8"?>
<testsuites name="Smoke test suite android" time="54" tests="1" failures="0" errors="0">
   <testsuite name="Smoke test suite android" tests="1" failures="0" errors="0" time="54" timestamp="2018-06-13 12:05:43" hostname="Test - PCWIN81.home" id="Test Suites/Smoke test suite android">
      <properties>
         <property name="deviceName" value=""/>
         <property name="devicePlatform" value=""/>
         <property name="logFolder" value="C:\\Users\\Test\\Katalon Studio\\GUI Tests\\Reports\\Smoke test suite android\\20180613_120540"/>
         <property name="logFiles" value="C:\\Users\\Test\\Katalon Studio\\GUI Tests\\Reports\\Smoke test suite android\\20180613_120540\\execution0.log"/>
         <property name="attachments" value=""/>
         <property name="hostName" value="Test - PCWIN81.home"/>
         <property name="os" value="Windows 8.1 64bit"/>
         <property name="katalonVersion" value="5.4.2.1"/>
         <property name="browser" value="Chrome 67.0.3396.87"/>
         <property name="hostAddress" value="192.168.1.61"/>
         <property name="sessionId" value="1b995908-d191-48c5-ae4f-5335fa690ae1"/>
         <property name="seleniumVersion" value="3.7.1"/>
         <property name="proxyInformation" value="ProxyInformation{proxyOption=NO_PROXY, proxyServerType=HTTP, password=, proxyServerAddress=, proxyServerPort=0}"/>
         <property name="platform" value="Windows 8.1"/>
      </properties>
      <testcase name="Test Cases/VOD/Functional Test/Smoke Test/Mobile/Android/09.03.02.02 Texte pour un utilisateur Mobile" classname="Test Cases/VOD/Functional Test/Smoke Test/Mobile/Android/09.03.02.02 Texte pour un utilisateur Mobile" status="PASSED">
         <system-out><![CDATA[2018-06-13 12:05:44 - [TEST_CASE][PASSED] - Test Cases/VOD/Functional Test/Smoke Test/Mobile/Android/09.03.02.02 Texte pour un utilisateur Mobile: Test Cases/VOD/Functional Test/Smoke Test/Mobile/Android/09.03.02.02 Texte pour un utilisateur Mobile

2018-06-13 12:05:45 - [TEST_STEP][PASSED] - vodkeyword.vod_identification.androidAuth: Object: 'Object Repository/VOD Objects/PC/Home Page/accepter cookie' is clicked on

2018-06-13 12:06:16 - [MESSAGE][PASSED] - Browser is opened with url: 'https://login-tb1.staging.orange.fr/?return_url=https%3A%2F%2Fovo.qualif1.orange.fr%2F%23vod%2Fhome'

2018-06-13 12:06:16 - [MESSAGE][PASSED] - Object 'Object Repository/VOD Objects/PC/Identification page object/login_input' is present

2018-06-13 12:06:18 - [MESSAGE][PASSED] - Text 'vodpcqualifb@orange.fr' is set on object 'Object Repository/VOD Objects/PC/Identification page object/login_input'

2018-06-13 12:06:18 - [MESSAGE][PASSED] - Object: 'Object Repository/VOD Objects/PC/Identification page object/btn_continuer' is clicked on

2018-06-13 12:06:20 - [MESSAGE][PASSED] - Object 'Object Repository/VOD Objects/PC/Identification page object/saissisez mot de passe input' is present

2018-06-13 12:06:21 - [MESSAGE][PASSED] - Text 'Passwd1' is set on object 'Object Repository/VOD Objects/PC/Identification page object/saissisez mot de passe input'

2018-06-13 12:06:21 - [MESSAGE][PASSED] - Object: 'Object Repository/VOD Objects/PC/Identification page object/btn_continuer' is clicked on

2018-06-13 12:06:21 - [MESSAGE][PASSED] - Authentication of client vodpcqualifb@orange.fr is successful

2018-06-13 12:06:21 - [MESSAGE][PASSED] - Wait for page load successfully

2018-06-13 12:06:30 - [MESSAGE][PASSED] - Object 'Object Repository/VOD Objects/Mobile/Android/Identifications/Orange app screen to close' is visible

2018-06-13 12:06:31 - [MESSAGE][PASSED] - Object 'Object Repository/VOD Objects/Mobile/Android/Identifications/se souvenir de mon choix' is checked

2018-06-13 12:06:31 - [MESSAGE][PASSED] - Object: 'Object Repository/VOD Objects/Mobile/Android/Identifications/continuer sur web' is clicked on

2018-06-13 12:06:31 - [MESSAGE][PASSED] - Object 'Object Repository/VOD Objects/Mobile/Android/Identifications/banniere orange app' is visible

2018-06-13 12:06:32 - [MESSAGE][PASSED] - Object: 'Object Repository/VOD Objects/Mobile/Android/Identifications/close banner app' is clicked on

2018-06-13 12:06:32 - [MESSAGE][PASSED] - Object: 'Object Repository/VOD Objects/PC/Home Page/accepter cookie' is clicked on

2018-06-13 12:06:32 - [TEST_STEP][PASSED] - vodkeyword.vod_identification.androidmenuConvergentVOD: Wait for page load successfully

2018-06-13 12:06:32 - [MESSAGE][WARNING] - Test object with id 'Object Repository/VOD Objects/Mobile/Android/Home page authen/' does not exist

2018-06-13 12:06:32 - [MESSAGE][WARNING] - Test object with id 'Object Repository/VOD Objects/Mobile/Android/Home page authen/Mon compte prepaye' does not exist

2018-06-13 12:06:32 - [MESSAGE][WARNING] - Test object with id 'Object Repository/VOD Objects/Mobile/Android/Home page authen/Aide' does not exist

2018-06-13 12:06:32 - [MESSAGE][PASSED] - Wait for page load successfully

2018-06-13 12:06:33 - [MESSAGE][PASSED] - Object: 'Object Repository/VOD Objects/Mobile/Android/Home page authen/menu convergeant' is clicked on

2018-06-13 12:06:33 - [MESSAGE][PASSED] - Text of object 'Object Repository/VOD Objects/Mobile/Android/Home page authen/Mes video' is: 'Mes vidéos'

2018-06-13 12:06:34 - [MESSAGE][PASSED] - Object: 'Object Repository/VOD Objects/Mobile/Android/Home page authen/Mes video' is clicked on

2018-06-13 12:06:34 - [MESSAGE][PASSED] - Menu convergeant 'Mes vidéos' accessed

2018-06-13 12:06:34 - [MESSAGE][PASSED] - Wait for page load successfully

2018-06-13 12:06:34 - [TEST_STEP][PASSED] - Statement - titre_banner = com.kms.katalon.core.webui.keyword.WebUiBuiltInKeywords.getText(com.kms.katalon.core.testobject.ObjectRepository.findTestObject(VOD Objects/PC/Menu Convergeant Mes videos/titre banner-marketing)): Text of object 'Object Repository/VOD Objects/PC/Menu Convergeant Mes videos/titre banner-marketing' is: 'Voir et revoir vos vidéos louées ou achetées'

2018-06-13 12:06:34 - [MESSAGE][PASSED] - Text of object 'Object Repository/VOD Objects/PC/Menu Convergeant Mes videos/titre banner-marketing' is: 'Voir et revoir vos vidéos louées ou achetées'

2018-06-13 12:06:34 - [TEST_STEP][PASSED] - Statement - titre1 = com.kms.katalon.core.webui.keyword.WebUiBuiltInKeywords.getText(com.kms.katalon.core.testobject.ObjectRepository.findTestObject(VOD Objects/PC/Menu Convergeant Mes videos/titre1 banner-marketing)): Text of object 'Object Repository/VOD Objects/PC/Menu Convergeant Mes videos/titre1 banner-marketing' is: 'Retrouvez et visionnez les vidéos louées ou achetées sur ordinateur, TV, tablette, smartphone et Clé TV.'

2018-06-13 12:06:34 - [MESSAGE][PASSED] - Text of object 'Object Repository/VOD Objects/PC/Menu Convergeant Mes videos/titre1 banner-marketing' is: 'Retrouvez et visionnez les vidéos louées ou achetées sur ordinateur, TV, tablette, smartphone et Clé TV.'

2018-06-13 12:06:34 - [TEST_STEP][PASSED] - Statement - titre2 = com.kms.katalon.core.webui.keyword.WebUiBuiltInKeywords.getText(com.kms.katalon.core.testobject.ObjectRepository.findTestObject(VOD Objects/PC/Menu Convergeant Mes videos/titre2 banner-marketing)): Text of object 'Object Repository/VOD Objects/PC/Menu Convergeant Mes videos/titre2 banner-marketing' is: 'Pour télécharger les vidéos que vous avez louées ou achetées,vous devez utiliser l'application TV d'Orange.'

2018-06-13 12:06:35 - [MESSAGE][PASSED] - Text of object 'Object Repository/VOD Objects/PC/Menu Convergeant Mes videos/titre2 banner-marketing' is: 'Pour télécharger les vidéos que vous avez louées ou achetées,vous devez utiliser l'application TV d'Orange.'

2018-06-13 12:06:35 - [TEST_STEP][PASSED] - verifyMatch: Actual text 'Voir et revoir vos vidéos louées ou achetées' and expected text 'Voir et revoir vos vidéos louées ou achetées' are matched 

2018-06-13 12:06:35 - [MESSAGE][PASSED] - Actual text 'Voir et revoir vos vidéos louées ou achetées' and expected text 'Voir et revoir vos vidéos louées ou achetées' are matched 

2018-06-13 12:06:35 - [TEST_STEP][PASSED] - verifyMatch: Actual text 'Retrouvez et visionnez les vidéos louées ou achetées sur ordinateur, TV, tablette, smartphone et Clé TV.' and expected text 'Retrouvez et visionnez les vidéos louées ou achetées sur ordinateur, TV, tablette, smartphone et Clé TV.' are matched 

2018-06-13 12:06:35 - [MESSAGE][PASSED] - Actual text 'Retrouvez et visionnez les vidéos louées ou achetées sur ordinateur, TV, tablette, smartphone et Clé TV.' and expected text 'Retrouvez et visionnez les vidéos louées ou achetées sur ordinateur, TV, tablette, smartphone et Clé TV.' are matched 

2018-06-13 12:06:35 - [TEST_STEP][PASSED] - verifyMatch: Actual text 'Pour télécharger les vidéos que vous avez louées ou achetées,vous devez utiliser l'application TV d'Orange.' and expected text 'Pour télécharger les vidéos que vous avez louées ou achetées,vous devez utiliser l'application TV d'Orange.' are matched 

2018-06-13 12:06:35 - [MESSAGE][PASSED] - Actual text 'Pour télécharger les vidéos que vous avez louées ou achetées,vous devez utiliser l'application TV d'Orange.' and expected text 'Pour télécharger les vidéos que vous avez louées ou achetées,vous devez utiliser l'application TV d'Orange.' are matched 

2018-06-13 12:06:35 - [TEST_STEP][PASSED] - closeBrowser: Browser is closed

2018-06-13 12:06:37 - [MESSAGE][PASSED] - Browser is closed]]></system-out>
         <system-err><![CDATA[]]></system-err>
      </testcase>
      <system-out><![CDATA[2018-06-13 12:05:43 - [TEST_SUITE][PASSED] - Smoke test suite android: Test Cases/VOD/Functional Test/Smoke Test/Mobile/Android/09.03.02.02 Texte pour un utilisateur Mobile]]></system-out>
      <system-err><![CDATA[]]></system-err>
   </testsuite>
</testsuites>
